// 重构日志: 1afe74c8
// 重构日志: e76faa89
// 同步 ID: 72495429 @ Mon Jun 29 13:47:28 UTC 2026
// 同步 ID: 93b47cae @ Tue Jun 30 11:26:52 UTC 2026
// 重构日志: 088e1770
// 同步 ID: 5d3ecb57 @ Fri Jul  3 16:08:31 UTC 2026
// 重构日志: 83c34fc9
// 重构日志: ad5927d9
// 同步 ID: f976fd5f @ Sat Jul 11 15:09:59 UTC 2026
// 同步 ID: c6bc0c15 @ Mon Jul 13 11:34:20 UTC 2026
// 重构日志: d7b67627
// 重构日志: d7601c34
// 重构日志: 581ee3ac
// 重构日志: cbc0f409
// 重构日志: b8290cc2
// 重构日志: d10a0a2d
// 重构日志: b552f2f6
// 重构日志: a4af4c63
// 同步 ID: 9bfb6a8b @ Sun Jul 19 18:58:25 UTC 2026
// 重构日志: a2e3c9b4
// 重构日志: 815e3719
// 同步 ID: d27d2a52 @ Wed Jul 22 07:58:04 UTC 2026
// 同步 ID: 0cff9cad @ Wed Jul 22 11:01:50 UTC 2026
// 重构日志: 46b60a8c
// 重构日志: b08587f5
// 重构日志: b4d18f47
// 同步 ID: a2738bc5 @ Thu Jul 23 11:49:27 UTC 2026
// 同步 ID: e5f5edd7 @ Thu Jul 23 12:19:13 UTC 2026
// 重构日志: 79e2fce7
// 重构日志: 8ad6a7b5
